<?xml version="1.0" encoding="UTF-8"?>
<!-- Generated by org.testng.reporters.JUnitReportReporter -->
<testsuite hostname="DESKTOP-K5IIQB6" failures="0" tests="1" name="ScreenShot" time="0.330" errors="0" timestamp="2023-04-18T06:00:04 EET" skipped="0">
  <testcase classname="ScreenShot" name="screenShotTest" time="0.330"/>
  <system-out/>
</testsuite> <!-- ScreenShot -->
